# JRE version: Java(TM) SE Runtime Environment (8.0_71-b15) (build 1.8.0_71-b15)
# Java VM: Java HotSpot(TM) 64-Bit Server VM (25.71-b15 mixed mode windows-amd64 compressed oops)
Heap:
 PSYoungGen      total 93696K, used 37251K [0x00000000e5980000, 0x00000000ebe80000, 0x0000000100000000)
  eden space 83968K, 44% used [0x00000000e5980000,0x00000000e7de0d50,0x00000000eab80000)
  from space 9728K, 0% used [0x00000000eb500000,0x00000000eb500000,0x00000000ebe80000)
  to   space 9728K, 0% used [0x00000000eab80000,0x00000000eab80000,0x00000000eb500000)
 ParOldGen       total 43008K, used 7494K [0x00000000b0c00000, 0x00000000b3600000, 0x00000000e5980000)
  object space 43008K, 17% used [0x00000000b0c00000,0x00000000b1351b80,0x00000000b3600000)
 Metaspace       used 28416K, capacity 29346K, committed 29440K, reserved 1075200K
  class space    used 3798K, capacity 4034K, committed 4096K, reserved 1048576K
GC Heap History (10 events):
Event: 1.987 GC heap before
{Heap before GC invocations=3 (full 0):
 PSYoungGen      total 24064K, used 24032K [0x00000000e5980000, 0x00000000e8880000, 0x0000000100000000)
  eden space 20992K, 100% used [0x00000000e5980000,0x00000000e6e00000,0x00000000e6e00000)
  from space 3072K, 98% used [0x00000000e7100000,0x00000000e73f8040,0x00000000e7400000)
  to   space 3072K, 0% used [0x00000000e6e00000,0x00000000e6e00000,0x00000000e7100000)
 ParOldGen       total 54784K, used 3452K [0x00000000b0c00000, 0x00000000b4180000, 0x00000000e5980000)
  object space 54784K, 6% used [0x00000000b0c00000,0x00000000b0f5f0f0,0x00000000b4180000)
 Metaspace       used 12807K, capacity 13212K, committed 13440K, reserved 1060864K
  class space    used 1450K, capacity 1608K, committed 1664K, reserved 1048576K
Event: 1.998 GC heap after
Heap after GC invocations=3 (full 0):
 PSYoungGen      total 24064K, used 3040K [0x00000000e5980000, 0x00000000e8880000, 0x0000000100000000)
  eden space 20992K, 0% used [0x00000000e5980000,0x00000000e5980000,0x00000000e6e00000)
  from space 3072K, 98% used [0x00000000e6e00000,0x00000000e70f8040,0x00000000e7100000)
  to   space 3072K, 0% used [0x00000000e8580000,0x00000000e8580000,0x00000000e8880000)
 ParOldGen       total 54784K, used 6951K [0x00000000b0c00000, 0x00000000b4180000, 0x00000000e5980000)
  object space 54784K, 12% used [0x00000000b0c00000,0x00000000b12c9f48,0x00000000b4180000)
 Metaspace       used 12807K, capacity 13212K, committed 13440K, reserved 1060864K
  class space    used 1450K, capacity 1608K, committed 1664K, reserved 1048576K
}
Event: 2.317 GC heap before
{Heap before GC invocations=4 (full 0):
 PSYoungGen      total 24064K, used 24032K [0x00000000e5980000, 0x00000000e8880000, 0x0000000100000000)
  eden space 20992K, 100% used [0x00000000e5980000,0x00000000e6e00000,0x00000000e6e00000)
  from space 3072K, 98% used [0x00000000e6e00000,0x00000000e70f8040,0x00000000e7100000)
  to   space 3072K, 0% used [0x00000000e8580000,0x00000000e8580000,0x00000000e8880000)
 ParOldGen       total 54784K, used 6951K [0x00000000b0c00000, 0x00000000b4180000, 0x00000000e5980000)
  object space 54784K, 12% used [0x00000000b0c00000,0x00000000b12c9f48,0x00000000b4180000)
 Metaspace       used 12945K, capacity 13340K, committed 13440K, reserved 1060864K
  class space    used 1459K, capacity 1608K, committed 1664K, reserved 1048576K
Event: 2.330 GC heap after
Heap after GC invocations=4 (full 0):
 PSYoungGen      total 45056K, used 3056K [0x00000000e5980000, 0x00000000e8880000, 0x0000000100000000)
  eden space 41984K, 0% used [0x00000000e5980000,0x00000000e5980000,0x00000000e8280000)
  from space 3072K, 99% used [0x00000000e8580000,0x00000000e887c030,0x00000000e8880000)
  to   space 3072K, 0% used [0x00000000e8280000,0x00000000e8280000,0x00000000e8580000)
 ParOldGen       total 54784K, used 8984K [0x00000000b0c00000, 0x00000000b4180000, 0x00000000e5980000)
  object space 54784K, 16% used [0x00000000b0c00000,0x00000000b14c6128,0x00000000b4180000)
 Metaspace       used 12945K, capacity 13340K, committed 13440K, reserved 1060864K
  class space    used 1459K, capacity 1608K, committed 1664K, reserved 1048576K
}
Event: 3.307 GC heap before
{Heap before GC invocations=5 (full 0):
 PSYoungGen      total 45056K, used 45040K [0x00000000e5980000, 0x00000000e8880000, 0x0000000100000000)
  eden space 41984K, 100% used [0x00000000e5980000,0x00000000e8280000,0x00000000e8280000)
  from space 3072K, 99% used [0x00000000e8580000,0x00000000e887c030,0x00000000e8880000)
  to   space 3072K, 0% used [0x00000000e8280000,0x00000000e8280000,0x00000000e8580000)
 ParOldGen       total 54784K, used 8984K [0x00000000b0c00000, 0x00000000b4180000, 0x00000000e5980000)
  object space 54784K, 16% used [0x00000000b0c00000,0x00000000b14c6128,0x00000000b4180000)
 Metaspace       used 14848K, capacity 15156K, committed 15488K, reserved 1062912K
  class space    used 1693K, capacity 1804K, committed 1920K, reserved 1048576K
Event: 3.330 GC heap after
Heap after GC invocations=5 (full 0):
 PSYoungGen      total 45056K, used 3040K [0x00000000e5980000, 0x00000000ebe80000, 0x0000000100000000)
  eden space 41984K, 0% used [0x00000000e5980000,0x00000000e5980000,0x00000000e8280000)
  from space 3072K, 98% used [0x00000000e8280000,0x00000000e8578040,0x00000000e8580000)
  to   space 9728K, 0% used [0x00000000eb500000,0x00000000eb500000,0x00000000ebe80000)
 ParOldGen       total 54784K, used 15513K [0x00000000b0c00000, 0x00000000b4180000, 0x00000000e5980000)
  object space 54784K, 28% used [0x00000000b0c00000,0x00000000b1b26508,0x00000000b4180000)
 Metaspace       used 14848K, capacity 15156K, committed 15488K, reserved 1062912K
  class space    used 1693K, capacity 1804K, committed 1920K, reserved 1048576K
}
Event: 4.169 GC heap before
{Heap before GC invocations=6 (full 0):
 PSYoungGen      total 45056K, used 27381K [0x00000000e5980000, 0x00000000ebe80000, 0x0000000100000000)
  eden space 41984K, 57% used [0x00000000e5980000,0x00000000e7145788,0x00000000e8280000)
  from space 3072K, 98% used [0x00000000e8280000,0x00000000e8578040,0x00000000e8580000)
  to   space 9728K, 0% used [0x00000000eb500000,0x00000000eb500000,0x00000000ebe80000)
 ParOldGen       total 54784K, used 15513K [0x00000000b0c00000, 0x00000000b4180000, 0x00000000e5980000)
  object space 54784K, 28% used [0x00000000b0c00000,0x00000000b1b26508,0x00000000b4180000)
 Metaspace       used 20723K, capacity 21162K, committed 21296K, reserved 1069056K
  class space    used 2544K, capacity 2680K, committed 2688K, reserved 1048576K
Event: 4.181 GC heap after
Heap after GC invocations=6 (full 0):
 PSYoungGen      total 93696K, used 7794K [0x00000000e5980000, 0x00000000ebe80000, 0x0000000100000000)
  eden space 83968K, 0% used [0x00000000e5980000,0x00000000e5980000,0x00000000eab80000)
  from space 9728K, 80% used [0x00000000eb500000,0x00000000ebc9c868,0x00000000ebe80000)
  to   space 9728K, 0% used [0x00000000eab80000,0x00000000eab80000,0x00000000eb500000)
 ParOldGen       total 54784K, used 15521K [0x00000000b0c00000, 0x00000000b4180000, 0x00000000e5980000)
  object space 54784K, 28% used [0x00000000b0c00000,0x00000000b1b28508,0x00000000b4180000)
 Metaspace       used 20723K, capacity 21162K, committed 21296K, reserved 1069056K
  class space    used 2544K, capacity 2680K, committed 2688K, reserved 1048576K
}
Event: 4.181 GC heap before
{Heap before GC invocations=7 (full 1):
 PSYoungGen      total 93696K, used 7794K [0x00000000e5980000, 0x00000000ebe80000, 0x0000000100000000)
  eden space 83968K, 0% used [0x00000000e5980000,0x00000000e5980000,0x00000000eab80000)
  from space 9728K, 80% used [0x00000000eb500000,0x00000000ebc9c868,0x00000000ebe80000)
  to   space 9728K, 0% used [0x00000000eab80000,0x00000000eab80000,0x00000000eb500000)
 ParOldGen       total 54784K, used 15521K [0x00000000b0c00000, 0x00000000b4180000, 0x00000000e5980000)
  object space 54784K, 28% used [0x00000000b0c00000,0x00000000b1b28508,0x00000000b4180000)
 Metaspace       used 20723K, capacity 21162K, committed 21296K, reserved 1069056K
  class space    used 2544K, capacity 2680K, committed 2688K, reserved 1048576K
Event: 4.230 GC heap after
Heap after GC invocations=7 (full 1):
 PSYoungGen      total 93696K, used 0K [0x00000000e5980000, 0x00000000ebe80000, 0x0000000100000000)
  eden space 83968K, 0% used [0x00000000e5980000,0x00000000e5980000,0x00000000eab80000)
  from space 9728K, 0% used [0x00000000eb500000,0x00000000eb500000,0x00000000ebe80000)
  to   space 9728K, 0% used [0x00000000eab80000,0x00000000eab80000,0x00000000eb500000)
 ParOldGen       total 43008K, used 7494K [0x00000000b0c00000, 0x00000000b3600000, 0x00000000e5980000)
  object space 43008K, 17% used [0x00000000b0c00000,0x00000000b1351b80,0x00000000b3600000)
 Metaspace       used 20723K, capacity 21162K, committed 21296K, reserved 1069056K
  class space    used 2544K, capacity 2680K, committed 2688K, reserved 1048576K
}

